
may 30, 2020 3:24:12 PM logs.Seguimiento log
INFORMACIN: Ingreso al sistema alvaro
may 30, 2020 3:24:12 PM logs.Seguimiento log
INFORMACIN: Usuario alvaro, se autentic贸
may 30, 2020 3:24:18 PM logs.Seguimiento log
INFORMACIN: Ingreso al sistema alvaro
may 30, 2020 3:24:18 PM logs.Seguimiento log
INFORMACIN: Usuario alvaro, se autentic贸
may 30, 2020 4:00:53 PM logs.Seguimiento log
INFORMACIN: Ingreso al sistema alvaro
may 30, 2020 4:00:53 PM logs.Seguimiento log
INFORMACIN: Usuario alvaro, se autentic贸
may 31, 2020 1:14:22 AM logs.Seguimiento log
INFORMACIN: Ingreso al sistema alvaro
may 31, 2020 1:14:22 AM logs.Seguimiento log
INFORMACIN: Usuario alvaro, se autentic贸
may 31, 2020 1:15:56 AM logs.Seguimiento log
INFORMACIN: Ingreso al sistema alvaro
may 31, 2020 1:15:56 AM logs.Seguimiento log
INFORMACIN: Usuario alvaro, se autentic贸
may 31, 2020 1:16:04 AM logs.Seguimiento log
INFORMACIN: Ingreso al sistema alvaro
may 31, 2020 1:16:04 AM logs.Seguimiento log
INFORMACIN: Usuario alvaro, se autentic贸
may 31, 2020 1:17:49 AM logs.Seguimiento log
INFORMACIN: Ingreso al sistema allvaro
may 31, 2020 1:18:00 AM logs.Seguimiento log
INFORMACIN: Ingreso al sistema allvaro
may 31, 2020 1:18:09 AM logs.Seguimiento log
INFORMACIN: Ingreso al sistema alvaro
may 31, 2020 1:18:09 AM logs.Seguimiento log
INFORMACIN: Usuario alvaro, se autentic贸
may 31, 2020 1:20:05 AM logs.Seguimiento log
INFORMACIN: Ingreso al sistema alvaro
may 31, 2020 1:20:05 AM logs.Seguimiento log
INFORMACIN: Usuario alvaro, se autentic贸
may 31, 2020 1:21:00 AM logs.Seguimiento log
INFORMACIN: Ingreso al sistema alvaro
may 31, 2020 1:21:00 AM logs.Seguimiento log
INFORMACIN: Usuario alvaro, se autentic贸
may 31, 2020 1:28:09 AM logs.Seguimiento log
INFORMACIN: Ingreso al sistema alvaro
may 31, 2020 1:28:09 AM logs.Seguimiento log
INFORMACIN: Usuario alvaro, se autentic贸
may 31, 2020 1:50:19 AM logs.Seguimiento log
INFORMACIN: Ingreso al sistema alvaro
may 31, 2020 1:50:19 AM logs.Seguimiento log
INFORMACIN: Usuario alvaro, se autentic贸
may 31, 2020 1:53:11 AM logs.Seguimiento log
INFORMACIN: Ingreso al sistema alvaro
may 31, 2020 1:53:11 AM logs.Seguimiento log
INFORMACIN: Usuario alvaro, se autentic贸
may 31, 2020 2:07:35 AM logs.Seguimiento log
INFORMACIN: Ingreso al sistema alvaro
may 31, 2020 2:07:36 AM logs.Seguimiento log
INFORMACIN: Usuario alvaro, se autentic贸
may 31, 2020 2:10:05 AM logs.Seguimiento log
INFORMACIN: Ingreso al sistema alvaro
may 31, 2020 2:10:05 AM logs.Seguimiento log
INFORMACIN: Usuario alvaro, se autentic贸
may 31, 2020 2:19:55 AM logs.Seguimiento log
INFORMACIN: Ingreso al sistema alvaro
may 31, 2020 2:19:55 AM logs.Seguimiento log
INFORMACIN: Usuario alvaro, se autentic贸
may 31, 2020 2:23:23 AM logs.Seguimiento log
INFORMACIN: Ingreso al sistema alvaro
may 31, 2020 2:23:23 AM logs.Seguimiento log
INFORMACIN: Usuario alvaro, se autentic贸
may 31, 2020 2:33:58 AM logs.Seguimiento log
INFORMACIN: Ingreso al sistema alvaro
may 31, 2020 2:33:58 AM logs.Seguimiento log
INFORMACIN: Usuario alvaro, se autentic贸
